#
# There is insufficient memory for the Java Runtime Environment to continue.
# Native memory allocation (mmap) failed to map 130023424 bytes. Error detail: G1 virtual space
# Possible reasons:
#   The system is out of physical RAM or swap space
#   This process is running with CompressedOops enabled, and the Java Heap may be blocking the growth of the native heap
# Possible solutions:
#   Reduce memory load on the system
#   Increase physical memory or swap space
#   Check if swap backing store is full
#   Decrease Java heap size (-Xmx/-Xms)
#   Decrease number of Java threads
#   Decrease Java thread stack sizes (-Xss)
#   Set larger code cache with -XX:ReservedCodeCacheSize=
#   JVM is running with Unscaled Compressed Oops mode in which the Java heap is
#     placed in the first 4GB address space. The Java Heap base address is the
#     maximum limit for the native heap growth. Please use -XX:HeapBaseMinAddress
#     to set the Java Heap base and to place the Java Heap above 4GB virtual address.
# This output file may be truncated or incomplete.
#
#  Out of Memory Error (os_windows.cpp:3716), pid=25640, tid=25996
#
# JRE version:  (21.0.9+10) (build )
# Java VM: OpenJDK 64-Bit Server VM (21.0.9+10-LTS, mixed mode, sharing, tiered, compressed oops, compressed class ptrs, g1 gc, windows-amd64)
# No core dump will be written. Minidumps are not enabled by default on client versions of Windows
#

---------------  S U M M A R Y ------------

Command Line: -javaagent:C:\Program Files\JetBrains\IntelliJ IDEA Community Edition 2024.1.1\lib\idea_rt.jar=53081:C:\Program Files\JetBrains\IntelliJ IDEA Community Edition 2024.1.1\bin -Dfile.encoding=UTF-8 -Dsun.stdout.encoding=UTF-8 -Dsun.stderr.encoding=UTF-8 com.email.writer.EmailWriterSbApplication

Host: 12th Gen Intel(R) Core(TM) i5-12450H, 12 cores, 7G,  Windows 11 , 64 bit Build 26100 (10.0.26100.7019)
Time: Fri Nov 21 12:18:18 2025 India Standard Time elapsed time: 0.029074 seconds (0d 0h 0m 0s)

---------------  T H R E A D  ---------------

Current thread (0x000002037f39ac30):  JavaThread "Unknown thread" [_thread_in_vm, id=25996, stack(0x0000000f8c800000,0x0000000f8c900000) (1024K)]

Stack: [0x0000000f8c800000,0x0000000f8c900000]
Native frames: (J=compiled Java code, j=interpreted, Vv=VM code, C=native code)
V  [jvm.dll+0x6df259]  (no source info available)
V  [jvm.dll+0x8bfe4b]  (no source info available)
V  [jvm.dll+0x8c23da]  (no source info available)
V  [jvm.dll+0x8c2ab3]  (no source info available)
V  [jvm.dll+0x28a416]  (no source info available)
V  [jvm.dll+0x6de705]  (no source info available)
V  [jvm.dll+0x6d264a]  (no source info available)
V  [jvm.dll+0x36742e]  (no source info available)
V  [jvm.dll+0x36f2fb]  (no source info available)
V  [jvm.dll+0x3c0c99]  (no source info available)
V  [jvm.dll+0x3c0f3b]  (no source info available)
V  [jvm.dll+0x33ace7]  (no source info available)
V  [jvm.dll+0x33b82b]  (no source info available)
V  [jvm.dll+0x88976e]  (no source info available)
V  [jvm.dll+0x3cdbf1]  (no source info available)
V  [jvm.dll+0x87267c]  (no source info available)
V  [jvm.dll+0x461751]  (no source info available)
V  [jvm.dll+0x463391]  (no source info available)
C  [jli.dll+0x52f0]  (no source info available)
C  [ucrtbase.dll+0x37b0]  (no source info available)
C  [KERNEL32.DLL+0x2e8d7]  (no source info available)
C  [ntdll.dll+0x8c53c]  (no source info available)


---------------  P R O C E S S  ---------------

Threads class SMR info:
_java_thread_list=0x00007ff996717288, length=0, elements={
}

Java Threads: ( => current thread )
Total: 0

Other Threads:
  0x000002037fbec3d0 WorkerThread "GC Thread#0"                     [id=2160, stack(0x0000000f8ca00000,0x0000000f8cb00000) (1024K)]
  0x000002037f45dd50 ConcurrentGCThread "G1 Main Marker"            [id=13544, stack(0x0000000f8cb00000,0x0000000f8cc00000) (1024K)]
  0x000002037f45e850 WorkerThread "G1 Conc#0"                       [id=29524, stack(0x0000000f8cc00000,0x0000000f8cd00000) (1024K)]

[error occurred during error reporting (printing all threads), id 0xc0000005, EXCEPTION_ACCESS_VIOLATION (0xc0000005) at pc=0x00007ff995e0d7a7]
VM state: not at safepoint (not fully initialized)

VM Mutex/Monitor currently owned by a thread:  ([mutex/lock_event])
[0x00007ff99678b9b0] Heap_lock - owner thread: 0x000002037f39ac30

Heap address: 0x0000000085200000, size: 1966 MB, Compressed Oops mode: 32-bit

CDS archive(s) mapped at: [0x0000000000000000-0x0000000000000000-0x0000000000000000), size 0, SharedBaseAddress: 0x0000000800000000, ArchiveRelocationMode: 1.
Narrow klass base: 0x0000000000000000, Narrow klass shift: 0, Narrow klass range: 0x0

GC Precious Log:
 CardTable entry size: 512
 Card Set container configuration: InlinePtr #cards 5 size 8 Array Of Cards #cards 12 size 40 Howl #buckets 4 coarsen threshold 1843 Howl Bitmap #cards 512 size 80 coarsen threshold 460 Card regions per heap region 1 cards per card region 2048

Heap:
 garbage-first heap   total 0K, used 0K [0x0000000085200000, 0x0000000100000000)
  region size 1024K, 0 young (0K), 0 survivors (0K)

[error occurred during error reporting (printing heap information), id 0xc0000005, EXCEPTION_ACCESS_VIOLATION (0xc0000005) at pc=0x00007ff9961fc219]
GC Heap History (0 events):
No events

Dll operation events (1 events):
Event: 0.022 Loaded shared library C:\Users\vivek\.jdks\ms-21.0.9\bin\java.dll

Deoptimization events (0 events):
No events

Classes loaded (0 events):
No events

Classes unloaded (0 events):
No events

Classes redefined (0 events):
No events

Internal exceptions (0 events):
No events

ZGC Phase Switch (0 events):
No events

VM Operations (0 events):
No events

Memory protections (0 events):
No events

Nmethod flushes (0 events):
No events

Events (0 events):
No events


Dynamic libraries:
0x00007ff6e1110000 - 0x00007ff6e111e000 	C:\Users\vivek\.jdks\ms-21.0.9\bin\java.exe
0x00007ffa32ec0000 - 0x00007ffa33128000 	C:\WINDOWS\SYSTEM32\ntdll.dll
0x00007ffa32360000 - 0x00007ffa32429000 	C:\WINDOWS\System32\KERNEL32.DLL
0x00007ffa304e0000 - 0x00007ffa308d8000 	C:\WINDOWS\System32\KERNELBASE.dll
0x00007ffa300c0000 - 0x00007ffa3020b000 	C:\WINDOWS\System32\ucrtbase.dll
0x00007ff9e5c90000 - 0x00007ff9e5ca8000 	C:\Users\vivek\.jdks\ms-21.0.9\bin\jli.dll
0x00007ffa320a0000 - 0x00007ffa32267000 	C:\WINDOWS\System32\USER32.dll
0x00007ffa30210000 - 0x00007ffa30237000 	C:\WINDOWS\System32\win32u.dll
0x00007ffa32330000 - 0x00007ffa3235b000 	C:\WINDOWS\System32\GDI32.dll
0x00007ff9e5c70000 - 0x00007ff9e5c8e000 	C:\Users\vivek\.jdks\ms-21.0.9\bin\VCRUNTIME140.dll
0x00007ffa303b0000 - 0x00007ffa304dc000 	C:\WINDOWS\System32\gdi32full.dll
0x00007ffa308e0000 - 0x00007ffa30983000 	C:\WINDOWS\System32\msvcp_win.dll
0x00007ffa0fd30000 - 0x00007ffa0ffc4000 	C:\WINDOWS\WinSxS\amd64_microsoft.windows.common-controls_6595b64144ccf1df_6.0.26100.7019_none_3e06ffa0e335b8a8\COMCTL32.dll
0x00007ffa30ec0000 - 0x00007ffa30f69000 	C:\WINDOWS\System32\msvcrt.dll
0x00007ffa32060000 - 0x00007ffa32091000 	C:\WINDOWS\System32\IMM32.DLL
0x00007ff9f70e0000 - 0x00007ff9f70ec000 	C:\Users\vivek\.jdks\ms-21.0.9\bin\vcruntime140_1.dll
0x00007ff9982f0000 - 0x00007ff998379000 	C:\Users\vivek\.jdks\ms-21.0.9\bin\msvcp140.dll
0x00007ff995ac0000 - 0x00007ff99686d000 	C:\Users\vivek\.jdks\ms-21.0.9\bin\server\jvm.dll
0x00007ffa31080000 - 0x00007ffa31134000 	C:\WINDOWS\System32\ADVAPI32.dll
0x00007ffa31260000 - 0x00007ffa31306000 	C:\WINDOWS\System32\sechost.dll
0x00007ffa31140000 - 0x00007ffa31258000 	C:\WINDOWS\System32\RPCRT4.dll
0x00007ffa31310000 - 0x00007ffa31384000 	C:\WINDOWS\System32\WS2_32.dll
0x00007ffa2f830000 - 0x00007ffa2f88e000 	C:\WINDOWS\SYSTEM32\POWRPROF.dll
0x00007ffa21a20000 - 0x00007ffa21a55000 	C:\WINDOWS\SYSTEM32\WINMM.dll
0x00007ffa251c0000 - 0x00007ffa251cb000 	C:\WINDOWS\SYSTEM32\VERSION.dll
0x00007ffa2f7e0000 - 0x00007ffa2f7f4000 	C:\WINDOWS\SYSTEM32\UMPDC.dll
0x00007ffa2edd0000 - 0x00007ffa2edeb000 	C:\WINDOWS\SYSTEM32\kernel.appcore.dll
0x00007ff9f6c00000 - 0x00007ff9f6c0a000 	C:\Users\vivek\.jdks\ms-21.0.9\bin\jimage.dll
0x00007ffa2d630000 - 0x00007ffa2d872000 	C:\WINDOWS\SYSTEM32\DBGHELP.DLL
0x00007ffa31b20000 - 0x00007ffa31eab000 	C:\WINDOWS\System32\combase.dll
0x00007ffa31520000 - 0x00007ffa315f7000 	C:\WINDOWS\System32\OLEAUT32.dll
0x00007ffa0a8f0000 - 0x00007ffa0a92c000 	C:\WINDOWS\SYSTEM32\dbgcore.DLL
0x00007ffa30010000 - 0x00007ffa300b5000 	C:\WINDOWS\System32\bcryptPrimitives.dll
0x00007ff9f6940000 - 0x00007ff9f6950000 	C:\Users\vivek\.jdks\ms-21.0.9\bin\instrument.dll
0x00007ff9e5150000 - 0x00007ff9e5171000 	C:\Users\vivek\.jdks\ms-21.0.9\bin\java.dll

JVMTI agents:
C:\Program Files\JetBrains\IntelliJ IDEA Community Edition 2024.1.1\lib\idea_rt.jar path:none, loaded, not initialized, instrumentlib options:53081:C:\Program Files\JetBrains\IntelliJ IDEA Community Edition 2024.1.1\bin

dbghelp: loaded successfully - version: 4.0.5 - missing functions: none
symbol engine: initialized successfully - sym options: 0x614 - pdb path: .;C:\Users\vivek\.jdks\ms-21.0.9\bin;C:\WINDOWS\SYSTEM32;C:\WINDOWS\WinSxS\amd64_microsoft.windows.common-controls_6595b64144ccf1df_6.0.26100.7019_none_3e06ffa0e335b8a8;C:\Users\vivek\.jdks\ms-21.0.9\bin\server

VM Arguments:
jvm_args: -javaagent:C:\Program Files\JetBrains\IntelliJ IDEA Community Edition 2024.1.1\lib\idea_rt.jar=53081:C:\Program Files\JetBrains\IntelliJ IDEA Community Edition 2024.1.1\bin -Dfile.encoding=UTF-8 -Dsun.stdout.encoding=UTF-8 -Dsun.stderr.encoding=UTF-8 
java_command: com.email.writer.EmailWriterSbApplication
java_class_path (initial): C:\Users\vivek\Downloads\email-writer-sb (1)\email-writer-sb\target\classes;C:\Users\vivek\.m2\repository\org\springframework\boot\spring-boot-starter-web\3.5.6\spring-boot-starter-web-3.5.6.jar;C:\Users\vivek\.m2\repository\org\springframework\boot\spring-boot-starter\3.5.6\spring-boot-starter-3.5.6.jar;C:\Users\vivek\.m2\repository\org\springframework\boot\spring-boot\3.5.6\spring-boot-3.5.6.jar;C:\Users\vivek\.m2\repository\org\springframework\boot\spring-boot-autoconfigure\3.5.6\spring-boot-autoconfigure-3.5.6.jar;C:\Users\vivek\.m2\repository\org\springframework\boot\spring-boot-starter-logging\3.5.6\spring-boot-starter-logging-3.5.6.jar;C:\Users\vivek\.m2\repository\ch\qos\logback\logback-classic\1.5.18\logback-classic-1.5.18.jar;C:\Users\vivek\.m2\repository\ch\qos\logback\logback-core\1.5.18\logback-core-1.5.18.jar;C:\Users\vivek\.m2\repository\org\apache\logging\log4j\log4j-to-slf4j\2.24.3\log4j-to-slf4j-2.24.3.jar;C:\Users\vivek\.m2\repository\org\apache\logging\log4j\log4j-api\2.24.3\log4j-api-2.24.3.jar;C:\Users\vivek\.m2\repository\org\slf4j\jul-to-slf4j\2.0.17\jul-to-slf4j-2.0.17.jar;C:\Users\vivek\.m2\repository\jakarta\annotation\jakarta.annotation-api\2.1.1\jakarta.annotation-api-2.1.1.jar;C:\Users\vivek\.m2\repository\org\yaml\snakeyaml\2.4\snakeyaml-2.4.jar;C:\Users\vivek\.m2\repository\org\springframework\boot\spring-boot-starter-json\3.5.6\spring-boot-starter-json-3.5.6.jar;C:\Users\vivek\.m2\repository\com\fasterxml\jackson\core\jackson-databind\2.19.2\jackson-databind-2.19.2.jar;C:\Users\vivek\.m2\repository\com\fasterxml\jackson\core\jackson-annotations\2.19.2\jackson-annotations-2.19.2.jar;C:\Users\vivek\.m2\repository\com\fasterxml\jackson\core\jackson-core\2.19.2\jackson-core-2.19.2.jar;C:\Users\vivek\.m2\repository\com\fasterxml\jackson\datatype\jackson-datatype-jdk8\2.19.2\jackson-datatype-jdk8-2.19.2.jar;C:\Users\vivek\.m2\repository\com\fasterxml\jackson\datatype\jackson-datatype-jsr310\2.19.2\jackson-datatype-jsr310-2.19.2.jar;C:\Users\vivek\.m2\repository\com\fasterxml\jackson\module\jackson-module-parameter-names\2.19.2\jackson-module-parameter-names-2.19.2.jar;C:\Users\vivek\.m2\repository\org\springframework\boot\spring-boot-starter-tomcat\3.5.6\spring-boot-starter-tomcat-3.5.6.jar;C:\Users\vivek\.m2\repository\org\apache\tomcat\embed\tomcat-embed-core\10.1.46\tomcat-embed-core-10.1.46.jar;C:\Users\vivek\.m2\repository\org\apache\tomcat\embed\tomcat-embed-el\10.1.46\tomcat-embed-el-10.1.46.jar;C:\Users\vivek\.m2\repository\org\apache\tomcat\embed\tomcat-embed-websocket\10.1.46\tomcat-embed-websocket-10.1.46.jar;C:\Users\vivek\.m2\repository\org\springframework\spring-web\6.2.11\spring-web-6.2.11.jar;C:\Users\vivek\.m2\repository\org\springframework\spring-beans\6.2.11\spring-beans-6.2.11.jar;C:\Users\vivek\.m2\repository\io\micrometer\micrometer-observation\1.15.4\micrometer-observation-1.15.4.jar;C:\Users\vivek\.m2\repository\io\micrometer\micrometer-commons\1.15.4\micrometer-commons-1.15.4.jar;C:\Users\vivek\.m2\repository\org\springframework\spring-webmvc\6.2.11\spring-webmvc-6.2.11.jar;C:\Users\vivek\.m2\repository\org\springframework\spring-aop\6.2.11\spring-aop-6.2.11.jar;C:\Users\vivek\.m2\repository\org\springframework\spring-context\6.2.11\spring-context-6.2.11.jar;C:\Users\vivek\.m2\repository\org\springframework\spring-expression\6.2.11\spring-expression-6.2.11.jar;C:\Users\vivek\.m2\repository\org\slf4j\slf4j-api\2.0.17\slf4j-api-2.0.17.jar;C:\Users\vivek\.m2\repository\org\springframework\spring-core\6.2.11\spring-core-6.2.11.jar;C:\Users\vivek\.m2\repository\org\springframework\spring-jcl\6.2.11\spring-jcl-6.2.11.jar;C:\Users\vivek\.m2\repository\org\springframework\boot\spring-boot-starter-webflux\3.5.6\spring-boot-starter-webflux-3.5.6.jar;C:\Users\vivek\.m2\repository\org\springframework\boot\spring-boot-starter-reactor-netty\3.5.6\spring-boot-starter-reactor-netty-3.5.6.jar;C:\Users\vivek\.m2\repository\io\projectreactor\netty\reactor-netty-http\1.2.10\reactor-netty-http-1.2.10.jar;C:\Users\vivek\.m2\repository\io\netty\netty-codec-http\4.1.127.Final\netty-codec-http-4.1.127.Final.jar;C:\Users\vivek\.m2\repository\io\netty\netty-common\4.1.127.Final\netty-common-4.1.127.Final.jar;C:\Users\vivek\.m2\repository\io\netty\netty-buffer\4.1.127.Final\netty-buffer-4.1.127.Final.jar;C:\Users\vivek\.m2\repository\io\netty\netty-transport\4.1.127.Final\netty-transport-4.1.127.Final.jar;C:\Users\vivek\.m2\repository\io\netty\netty-codec\4.1.127.Final\netty-codec-4.1.127.Final.jar;C:\Users\vivek\.m2\repository\io\netty\netty-handler\4.1.127.Final\netty-handler-4.1.127.Final.jar;C:\Users\vivek\.m2\repository\io\netty\netty-codec-http2\4.1.127.Final\netty-codec-http2-4.1.127.Final.jar;C:\Users\vivek\.m2\repository\io\netty\netty-resolver-dns\4.1.127.Final\netty-resolver-dns-4.1.127.Final.jar;C:\Users\vivek\.m2\repository\io\netty\netty-resolver\4.1.127.Final\netty-resolver-4.1.127.Final.jar;C:\Users\vivek\.m2\repository\io\netty\netty-codec-dns\4.1.127.Final\netty-codec-dns-4.1.127.Final.jar;C:\Users\vivek\.m2\repository\io\netty\netty-resolver-dns-native-macos\4.1.127.Final\netty-resolver-dns-native-macos-4.1.127.Final-osx-x86_64.jar;C:\Users\vivek\.m2\repository\io\netty\netty-resolver-dns-classes-macos\4.1.127.Final\netty-resolver-dns-classes-macos-4.1.127.Final.jar;C:\Users\vivek\.m2\repository\io\netty\netty-transport-native-epoll\4.1.127.Final\netty-transport-native-epoll-4.1.127.Final-linux-x86_64.jar;C:\Users\vivek\.m2\repository\io\netty\netty-transport-native-unix-common\4.1.127.Final\netty-transport-native-unix-common-4.1.127.Final.jar;C:\Users\vivek\.m2\repository\io\netty\netty-transport-classes-epoll\4.1.127.Final\netty-transport-classes-epoll-4.1.127.Final.jar;C:\Users\vivek\.m2\repository\io\projectreactor\netty\reactor-netty-core\1.2.10\reactor-netty-core-1.2.10.jar;C:\Users\vivek\.m2\repository\io\netty\netty-handler-proxy\4.1.127.Final\netty-handler-proxy-4.1.127.Final.jar;C:\Users\vivek\.m2\repository\io\netty\netty-codec-socks\4.1.127.Final\netty-codec-socks-4.1.127.Final.jar;C:\Users\vivek\.m2\repository\org\springframework\spring-webflux\6.2.11\spring-webflux-6.2.11.jar;C:\Users\vivek\.m2\repository\io\projectreactor\reactor-core\3.7.11\reactor-core-3.7.11.jar;C:\Users\vivek\.m2\repository\org\reactivestreams\reactive-streams\1.0.4\reactive-streams-1.0.4.jar
Launcher Type: SUN_STANDARD

[Global flags]
     intx CICompilerCount                          = 4                                         {product} {ergonomic}
     uint ConcGCThreads                            = 3                                         {product} {ergonomic}
     uint G1ConcRefinementThreads                  = 10                                        {product} {ergonomic}
   size_t G1HeapRegionSize                         = 1048576                                   {product} {ergonomic}
    uintx GCDrainStackTargetSize                   = 64                                        {product} {ergonomic}
   size_t InitialHeapSize                          = 130023424                                 {product} {ergonomic}
   size_t MarkStackSize                            = 4194304                                   {product} {ergonomic}
   size_t MaxHeapSize                              = 2061500416                                {product} {ergonomic}
   size_t MinHeapDeltaBytes                        = 1048576                                   {product} {ergonomic}
   size_t MinHeapSize                              = 8388608                                   {product} {ergonomic}
    uintx NonNMethodCodeHeapSize                   = 5839372                                {pd product} {ergonomic}
    uintx NonProfiledCodeHeapSize                  = 122909434                              {pd product} {ergonomic}
    uintx ProfiledCodeHeapSize                     = 122909434                              {pd product} {ergonomic}
    uintx ReservedCodeCacheSize                    = 251658240                              {pd product} {ergonomic}
     bool SegmentedCodeCache                       = true                                      {product} {ergonomic}
   size_t SoftMaxHeapSize                          = 2061500416                             {manageable} {ergonomic}
     bool UseCompressedOops                        = true                           {product lp64_product} {ergonomic}
     bool UseG1GC                                  = true                                      {product} {ergonomic}
     bool UseLargePagesIndividualAllocation        = false                                  {pd product} {ergonomic}

Logging:
Log output configuration:
 #0: stdout all=warning uptime,level,tags foldmultilines=false
 #1: stderr all=off uptime,level,tags foldmultilines=false

Release file:
<release file has not been read>
Environment Variables:
JAVA_HOME=C:\Program Files\Java\jdk-22
CLASSPATH=C:\Program Files\MySQL\MySQL Server 8.1;C:\Users\vivek\Downloads\mysql-connector-j-9.2.0.jar;
PATH=C:\Program Files\Java\jdk-22;C:\windows\system32;C:\windows;C:\windows\System32\Wbem;C:\windows\System32\WindowsPowerShell\v1.0\;C:\windows\System32\OpenSSH\;C:\Program Files (x86)\NVIDIA Corporation\PhysX\Common;C:\Program Files\NVIDIA Corporation\NVIDIA NvDLISR;C:\WINDOWS\system32;C:\WINDOWS;C:\WINDOWS\System32\Wbem;C:\WINDOWS\System32\WindowsPowerShell\v1.0\;C:\WINDOWS\System32\OpenSSH\;C:\MinGW\bin;C:\Users\vivek\Downloads\jdk-22_linux-aarch64_bin (1).tar.gz\jdk-22\bin;C:\Program Files\MySQL\MySQL Server 8.0\bin;C:\Users\vivek\Downloads\jdk-22_windows-x64_bin (1).exe;C:\Users\vivek\Downloads\apache-maven-3.9.11-bin\apache-maven-3.9.11\bin;C:\Program Files\Java\jdk-22\bin;D:\;C:\Program Files\Docker\Docker\resources\bin;C:\Users\vivek\AppData\Local\Programs\Python\Python311\Scripts\;C:\Users\vivek\AppData\Local\Programs\Python\Python311\;C:\Users\vivek\AppData\Local\Microsoft\WindowsApps;C:\msys64\ucrt64\bin;C:\Users\vivek\AppData\Local\Programs\Microsoft VS Code\bin;C:\Program Files\Java\jdk-22\bin;;C:\Program Files\JetBrains\IntelliJ IDEA Community Edition 2024.1.1\bin;;C:\Users\vivek\AppData\Roaming\npm
USERNAME=vivek
OS=Windows_NT
PROCESSOR_IDENTIFIER=Intel64 Family 6 Model 154 Stepping 3, GenuineIntel
TMP=C:\Users\vivek\AppData\Local\Temp
TEMP=C:\Users\vivek\AppData\Local\Temp




Periodic native trim disabled

---------------  S Y S T E M  ---------------

OS:
 Windows 11 , 64 bit Build 26100 (10.0.26100.7019)
OS uptime: 1 days 12:18 hours
Hyper-V role detected

CPU: total 12 (initial active 12) (6 cores per cpu, 2 threads per core) family 6 model 154 stepping 3 microcode 0x434, cx8, cmov, fxsr, ht, mmx, 3dnowpref, sse, sse2, sse3, ssse3, sse4.1, sse4.2, popcnt, lzcnt, tsc, tscinvbit, avx, avx2, aes, erms, clmul, bmi1, bmi2, adx, sha, fma, vzeroupper, clflush, clflushopt, clwb, hv, serialize, rdtscp, rdpid, fsrm, f16c, cet_ibt, cet_ss
Processor Information for processor 0
  Max Mhz: 2000, Current Mhz: 2000, Mhz Limit: 2000
Processor Information for processor 1
  Max Mhz: 2000, Current Mhz: 2000, Mhz Limit: 2000
Processor Information for processor 2
  Max Mhz: 2000, Current Mhz: 1520, Mhz Limit: 2000
Processor Information for processor 3
  Max Mhz: 2000, Current Mhz: 2000, Mhz Limit: 2000
Processor Information for processor 4
  Max Mhz: 2000, Current Mhz: 2000, Mhz Limit: 2000
Processor Information for processor 5
  Max Mhz: 2000, Current Mhz: 1520, Mhz Limit: 2000
Processor Information for processor 6
  Max Mhz: 2000, Current Mhz: 1520, Mhz Limit: 2000
Processor Information for processor 7
  Max Mhz: 2000, Current Mhz: 1520, Mhz Limit: 2000
Processor Information for processor 8
  Max Mhz: 2000, Current Mhz: 2000, Mhz Limit: 2000
Processor Information for processor 9
  Max Mhz: 2000, Current Mhz: 2000, Mhz Limit: 2000
Processor Information for processor 10
  Max Mhz: 2000, Current Mhz: 1466, Mhz Limit: 2000
Processor Information for processor 11
  Max Mhz: 2000, Current Mhz: 2000, Mhz Limit: 2000

Memory: 4k page, system-wide physical 7860M (720M free)
TotalPageFile size 20141M (AvailPageFile size 40M)
current process WorkingSet (physical memory assigned to process): 12M, peak: 12M
current process commit charge ("private bytes"): 64M, peak: 188M

vm_info: OpenJDK 64-Bit Server VM (21.0.9+10-LTS) for windows-amd64 JRE (21.0.9+10-LTS), built on 2025-10-13T22:04:36Z by "MicrosoftCorporation" with unknown MS VC++:1944

END.
